<?xml version="1.0" encoding="UTF-8"?>
<!-- Generated by org.testng.reporters.JUnitReportReporter -->
<testsuite hostname="DESKTOP-5J46QLU" name="SeperateFramework.Hybrid.TestClass2" tests="1" failures="0" timestamp="20 Jun 2021 15:59:38 GMT" time="0.003" errors="0">
  <testcase name="testMethod" time="0.003" classname="SeperateFramework.Hybrid.TestClass2"/>
</testsuite> <!-- SeperateFramework.Hybrid.TestClass2 -->
